; Sprite   : 0
; Mode     : Mode : 1 sprite               
; TGS size : 32
; Address  : Start + #0
sprite0tgs:
    db %11110000
    db %11110000
    db %01100000
    db %00000000
    db %00000000
    db %00000000
    db %00000000
    db %00000000
    db %00000000
    db %00000000
    db %00000000
    db %00000000
    db %00000000
    db %00000000
    db %00000000
    db %00000000
    db %00000000
    db %00000000
    db %00000000
    db %00000000
    db %00000000
    db %00000000
    db %00000000
    db %00000000
    db %00000000
    db %00000000
    db %00000000
    db %00000000
    db %00000000
    db %00000000
    db %00000000
    db %00000000

; Sprite   : 1
; Mode     : Mode : 1 sprite               
; TGS size : 32
; Address  : Start + #32
sprite1tgs:
    db %00111000
    db %01110000
    db %11100000
    db %11100000
    db %00000000
    db %00000000
    db %00000000
    db %00000000
    db %00000000
    db %00000000
    db %00000000
    db %00000000
    db %00000000
    db %00000000
    db %00000000
    db %00000000
    db %00000000
    db %00000000
    db %00000000
    db %00000000
    db %00000000
    db %00000000
    db %00000000
    db %00000000
    db %00000000
    db %00000000
    db %00000000
    db %00000000
    db %00000000
    db %00000000
    db %00000000
    db %00000000

; Sprite   : 2
; Mode     : Mode : 1 sprite               
; TGS size : 32
; Address  : Start + #64
sprite2tgs:
    db %11100000
    db %11100000
    db %01100000
    db %00000000
    db %00000000
    db %00000000
    db %00000000
    db %00000000
    db %00000000
    db %00000000
    db %00000000
    db %00000000
    db %00000000
    db %00000000
    db %00000000
    db %00000000
    db %00000000
    db %00000000
    db %00000000
    db %00000000
    db %00000000
    db %00000000
    db %00000000
    db %00000000
    db %00000000
    db %00000000
    db %00000000
    db %00000000
    db %00000000
    db %00000000
    db %00000000
    db %00000000

; Sprite   : 3
; Mode     : Mode : 1 sprite               
; TGS size : 32
; Address  : Start + #96
sprite3tgs:
    db %11110000
    db %11110000
    db %00000000
    db %00000000
    db %00000000
    db %00000000
    db %00000000
    db %00000000
    db %00000000
    db %00000000
    db %00000000
    db %00000000
    db %00000000
    db %00000000
    db %00000000
    db %00000000
    db %00000000
    db %00000000
    db %00000000
    db %00000000
    db %00000000
    db %00000000
    db %00000000
    db %00000000
    db %00000000
    db %00000000
    db %00000000
    db %00000000
    db %00000000
    db %00000000
    db %00000000
    db %00000000

; Sprite   : 4
; Mode     : Mode : 1 sprite               
; TGS size : 32
; Address  : Start + #128
sprite4tgs:
    db %11100000
    db %11100000
    db %11100000
    db %00000000
    db %00000000
    db %00000000
    db %00000000
    db %00000000
    db %00000000
    db %00000000
    db %00000000
    db %00000000
    db %00000000
    db %00000000
    db %00000000
    db %00000000
    db %00000000
    db %00000000
    db %00000000
    db %00000000
    db %00000000
    db %00000000
    db %00000000
    db %00000000
    db %00000000
    db %00000000
    db %00000000
    db %00000000
    db %00000000
    db %00000000
    db %00000000
    db %00000000

; Sprite   : 5
; Mode     : Mode : 1 sprite               
; TGS size : 32
; Address  : Start + #160
sprite5tgs:
    db %01100000
    db %11000000
    db %10000000
    db %00000000
    db %00000000
    db %00000000
    db %00000000
    db %00000000
    db %00000000
    db %00000000
    db %00000000
    db %00000000
    db %00000000
    db %00000000
    db %00000000
    db %00000000
    db %00000000
    db %00000000
    db %00000000
    db %00000000
    db %00000000
    db %00000000
    db %00000000
    db %00000000
    db %00000000
    db %00000000
    db %00000000
    db %00000000
    db %00000000
    db %00000000
    db %00000000
    db %00000000

; Sprite   : 6
; Mode     : Mode : 1 sprite               
; TGS size : 32
; Address  : Start + #192
sprite6tgs:
    db %00110000
    db %00110000
    db %11100000
    db %11000000
    db %00000000
    db %00000000
    db %00000000
    db %00000000
    db %00000000
    db %00000000
    db %00000000
    db %00000000
    db %00000000
    db %00000000
    db %00000000
    db %00000000
    db %00000000
    db %00000000
    db %00000000
    db %00000000
    db %00000000
    db %00000000
    db %00000000
    db %00000000
    db %00000000
    db %00000000
    db %00000000
    db %00000000
    db %00000000
    db %00000000
    db %00000000
    db %00000000

; Sprite   : 7
; Mode     : Mode : 1 sprite               
; TGS size : 32
; Address  : Start + #224
sprite7tgs:
    db %01100000
    db %01100000
    db %01100000
    db %00000000
    db %00000000
    db %00000000
    db %00000000
    db %00000000
    db %00000000
    db %00000000
    db %00000000
    db %00000000
    db %00000000
    db %00000000
    db %00000000
    db %00000000
    db %00000000
    db %00000000
    db %00000000
    db %00000000
    db %00000000
    db %00000000
    db %00000000
    db %00000000
    db %00000000
    db %00000000
    db %00000000
    db %00000000
    db %00000000
    db %00000000
    db %00000000
    db %00000000

; Sprite   : 8
; Mode     : Mode : 1 sprite               
; TGS size : 32
; Address  : Start + #256
sprite8tgs:
    db %10000000
    db %10000000
    db %11000000
    db %00000000
    db %00000000
    db %00000000
    db %00000000
    db %00000000
    db %00000000
    db %00000000
    db %00000000
    db %00000000
    db %00000000
    db %00000000
    db %00000000
    db %00000000
    db %00000000
    db %00000000
    db %00000000
    db %00000000
    db %00000000
    db %00000000
    db %00000000
    db %00000000
    db %00000000
    db %00000000
    db %00000000
    db %00000000
    db %00000000
    db %00000000
    db %00000000
    db %00000000

; Sprite   : 0
; TCS size : 16
; Address  : Start + #288
sprite0tcs:
    db #05
    db #05
    db #05
    db #00
    db #00
    db #00
    db #00
    db #00
    db #00
    db #00
    db #00
    db #00
    db #00
    db #00
    db #00
    db #00

; Sprite   : 1
; TCS size : 16
; Address  : Start + #304
sprite1tcs:
    db #03
    db #03
    db #03
    db #03
    db #00
    db #00
    db #00
    db #00
    db #00
    db #00
    db #00
    db #00
    db #00
    db #00
    db #00
    db #00

; Sprite   : 2
; TCS size : 16
; Address  : Start + #320
sprite2tcs:
    db #06
    db #06
    db #06
    db #00
    db #00
    db #00
    db #00
    db #00
    db #00
    db #00
    db #00
    db #00
    db #00
    db #00
    db #00
    db #00

; Sprite   : 3
; TCS size : 16
; Address  : Start + #336
sprite3tcs:
    db #0C
    db #0C
    db #00
    db #00
    db #00
    db #00
    db #00
    db #00
    db #00
    db #00
    db #00
    db #00
    db #00
    db #00
    db #00
    db #00

; Sprite   : 4
; TCS size : 16
; Address  : Start + #352
sprite4tcs:
    db #0D
    db #0D
    db #0D
    db #00
    db #00
    db #00
    db #00
    db #00
    db #00
    db #00
    db #00
    db #00
    db #00
    db #00
    db #00
    db #00

; Sprite   : 5
; TCS size : 16
; Address  : Start + #368
sprite5tcs:
    db #09
    db #09
    db #09
    db #00
    db #00
    db #00
    db #00
    db #00
    db #00
    db #00
    db #00
    db #00
    db #00
    db #00
    db #00
    db #00

; Sprite   : 6
; TCS size : 16
; Address  : Start + #384
sprite6tcs:
    db #08
    db #08
    db #08
    db #08
    db #00
    db #00
    db #00
    db #00
    db #00
    db #00
    db #00
    db #00
    db #00
    db #00
    db #00
    db #00

; Sprite   : 7
; TCS size : 16
; Address  : Start + #400
sprite7tcs:
    db #02
    db #06
    db #06
    db #00
    db #00
    db #00
    db #00
    db #00
    db #00
    db #00
    db #00
    db #00
    db #00
    db #00
    db #00
    db #00

; Sprite   : 8
; TCS size : 16
; Address  : Start + #416
sprite8tcs:
    db #07
    db #07
    db #07
    db #00
    db #00
    db #00
    db #00
    db #00
    db #00
    db #00
    db #00
    db #00
    db #00
    db #00
    db #00
    db #00

; Color Palette
; Address  : Start + 432
pal:
    db #37,#06
    db #77,#07
    db #04,#02
    db #61,#02
    db #02,#01
    db #73,#05
    db #15,#04
    db #61,#03
    db #50,#02
    db #72,#03
    db #71,#04
    db #21,#01
    db #00,#07
    db #00,#05
    db #66,#00
    db #00,#00
