; Sprite   : 0
; Mode     : Mode : 1 sprite               
; TGS size : 32
; Address  : Start + #0
sprite0tgs:
    db %00000000
    db %00000011
    db %00001111
    db %00011001
    db %00011001
    db %00011001
    db %00011111
    db %00011111
    db %00011111
    db %00011111
    db %00000011
    db %00000011
    db %00000011
    db %00000011
    db %00000011
    db %00000011
    db %00000000
    db %11111111
    db %11111111
    db %00100100
    db %00100100
    db %00100100
    db %11111111
    db %11111111
    db %11100001
    db %10001111
    db %01010010
    db %00100000
    db %00100011
    db %00100011
    db %00100011
    db %00100010

; Sprite   : 1
; Mode     : Mode : 1 sprite               
; TGS size : 32
; Address  : Start + #32
sprite1tgs:
    db %00000000
    db %00000011
    db %00001100
    db %00010110
    db %00010110
    db %00010110
    db %00010000
    db %00010011
    db %00011111
    db %00011111
    db %00000010
    db %00000010
    db %00000010
    db %00000010
    db %00000010
    db %00000010
    db %00000000
    db %11111111
    db %00000000
    db %11011011
    db %11011011
    db %11011011
    db %00000000
    db %11111111
    db %10011111
    db %01111111
    db %10110011
    db %11100011
    db %11100010
    db %11100010
    db %11100010
    db %11100011

; Sprite   : 2
; Mode     : Mode : 1 sprite               
; TGS size : 32
; Address  : Start + #64
sprite2tgs:
    db %00000000
    db %00000011
    db %00001110
    db %00010110
    db %00010110
    db %00010110
    db %00010000
    db %00010011
    db %00011111
    db %00011111
    db %00000010
    db %00000010
    db %00000010
    db %00000010
    db %00000010
    db %00000010
    db %00000000
    db %11111111
    db %11011011
    db %11011011
    db %11011011
    db %11011011
    db %00000000
    db %11111111
    db %10000001
    db %00000001
    db %00001100
    db %00011101
    db %00011111
    db %00011111
    db %00011111
    db %00011111

; Sprite   : 3
; Mode     : Mode : 1 sprite               
; TGS size : 32
; Address  : Start + #96
sprite3tgs:
    db %00000000
    db %11111111
    db %11111111
    db %10010010
    db %10010010
    db %10010010
    db %11111111
    db %11111111
    db %00101111
    db %11111111
    db %11101111
    db %11000101
    db %11001111
    db %11111111
    db %11001101
    db %11001101
    db %00000000
    db %11111000
    db %11111110
    db %01001001
    db %01001001
    db %11111001
    db %00001101
    db %11111111
    db %10000111
    db %11111110
    db %11000110
    db %11010111
    db %11000100
    db %11010101
    db %11000101
    db %11000101

; Sprite   : 4
; Mode     : Mode : 1 sprite               
; TGS size : 32
; Address  : Start + #128
sprite4tgs:
    db %00000000
    db %11111111
    db %00000000
    db %01101101
    db %01101101
    db %01101101
    db %00000000
    db %11111111
    db %11111111
    db %00111111
    db %11111111
    db %00111111
    db %00111111
    db %00001111
    db %00111101
    db %00111101
    db %00000000
    db %11111000
    db %00001110
    db %10111111
    db %10111111
    db %11111111
    db %11110011
    db %11111111
    db %10000111
    db %11111110
    db %11000110
    db %11010111
    db %11000111
    db %11010110
    db %11010110
    db %11010110

; Sprite   : 5
; Mode     : Mode : 1 sprite               
; TGS size : 32
; Address  : Start + #160
sprite5tgs:
    db %00000000
    db %11111111
    db %01101101
    db %01101101
    db %01101101
    db %01101101
    db %00000000
    db %11111111
    db %11101111
    db %11100111
    db %11100011
    db %11110101
    db %11111101
    db %11111101
    db %00000010
    db %00000010
    db %00000000
    db %11111000
    db %10111110
    db %10111111
    db %10111111
    db %11111111
    db %00000011
    db %10000111
    db %11111111
    db %10000110
    db %11111110
    db %11101111
    db %11111101
    db %11101111
    db %00101000
    db %00101000

; Sprite   : 6
; Mode     : Mode : 1 sprite               
; TGS size : 32
; Address  : Start + #192
sprite6tgs:
    db %00000011
    db %00000011
    db %00000011
    db %00000011
    db %00000011
    db %00011111
    db %00011111
    db %00011111
    db %00011111
    db %00011001
    db %00011001
    db %00011001
    db %00001111
    db %00000011
    db %00000000
    db %00000000
    db %00100000
    db %00100010
    db %00100000
    db %00100000
    db %10110000
    db %11011111
    db %11111111
    db %11111111
    db %11111111
    db %00100100
    db %00100100
    db %00100100
    db %11111111
    db %11111111
    db %00000000
    db %00000000

; Sprite   : 7
; Mode     : Mode : 1 sprite               
; TGS size : 32
; Address  : Start + #224
sprite7tgs:
    db %00000010
    db %00000010
    db %00000010
    db %00000010
    db %00000011
    db %00011111
    db %00010011
    db %00010001
    db %00010000
    db %00010110
    db %00010110
    db %00010110
    db %00001100
    db %00000011
    db %00000000
    db %00000000
    db %11100011
    db %11100011
    db %11100000
    db %11100000
    db %01110000
    db %10111111
    db %11111111
    db %11111111
    db %00000000
    db %11011011
    db %11011011
    db %11011011
    db %00000000
    db %11111111
    db %00000000
    db %00000000

; Sprite   : 8
; Mode     : Mode : 1 sprite               
; TGS size : 32
; Address  : Start + #256
sprite8tgs:
    db %00000010
    db %00000010
    db %00000010
    db %00000010
    db %00000011
    db %00011111
    db %00010011
    db %00010001
    db %00010000
    db %00010110
    db %00010110
    db %00010110
    db %00001110
    db %00000011
    db %00000000
    db %00000000
    db %00011101
    db %00011100
    db %00011111
    db %00011111
    db %00001111
    db %10000000
    db %11111111
    db %11111111
    db %00000000
    db %11011011
    db %11011011
    db %11011011
    db %11011011
    db %11111111
    db %00000000
    db %00000000

; Sprite   : 9
; Mode     : Mode : 1 sprite               
; TGS size : 32
; Address  : Start + #288
sprite9tgs:
    db %01100111
    db %11101111
    db %00000101
    db %00000111
    db %00001111
    db %11111111
    db %11111111
    db %11111111
    db %11111111
    db %10010010
    db %10010010
    db %10010010
    db %11111111
    db %11111111
    db %00000000
    db %00000000
    db %11010101
    db %11000101
    db %11010111
    db %11000111
    db %11111110
    db %10000110
    db %11111111
    db %00001111
    db %11111101
    db %01001001
    db %01001001
    db %01001001
    db %11111110
    db %11111000
    db %00000000
    db %00000000

; Sprite   : 10
; Mode     : Mode : 1 sprite               
; TGS size : 32
; Address  : Start + #320
sprite10tgs:
    db %10011111
    db %11111111
    db %00000111
    db %00000101
    db %00001111
    db %11111111
    db %11111111
    db %11111111
    db %00000000
    db %01101101
    db %01101101
    db %01101101
    db %00000000
    db %11111111
    db %00000000
    db %00000000
    db %11010110
    db %11000110
    db %11010111
    db %11000111
    db %11111110
    db %10000110
    db %11110111
    db %11111111
    db %00000011
    db %10110111
    db %10111111
    db %10111111
    db %00001110
    db %11111000
    db %00000000
    db %00000000

; Sprite   : 11
; Mode     : Mode : 1 sprite               
; TGS size : 32
; Address  : Start + #352
sprite11tgs:
    db %11110101
    db %11100101
    db %11111101
    db %11111101
    db %11110111
    db %00001111
    db %11111111
    db %11111111
    db %00000000
    db %01101101
    db %01101101
    db %01101101
    db %01101101
    db %11111111
    db %00000000
    db %00000000
    db %11100111
    db %11110101
    db %11100111
    db %11110111
    db %10000110
    db %11110110
    db %00000111
    db %00001111
    db %00000011
    db %10110111
    db %10111111
    db %10111111
    db %10111110
    db %11111000
    db %00000000
    db %00000000

; Sprite   : 0
; TCS size : 16
; Address  : Start + #384
sprite0tcs:
    db #00
    db #01
    db #01
    db #01
    db #01
    db #01
    db #01
    db #01
    db #01
    db #01
    db #01
    db #01
    db #01
    db #01
    db #01
    db #01

; Sprite   : 1
; TCS size : 16
; Address  : Start + #400
sprite1tcs:
    db #00
    db #02
    db #02
    db #00
    db #00
    db #00
    db #02
    db #02
    db #02
    db #02
    db #00
    db #00
    db #02
    db #02
    db #02
    db #00

; Sprite   : 2
; TCS size : 16
; Address  : Start + #416
sprite2tcs:
    db #00
    db #0C
    db #00
    db #00
    db #00
    db #00
    db #0C
    db #0C
    db #0C
    db #0C
    db #0C
    db #00
    db #00
    db #00
    db #00
    db #00

; Sprite   : 3
; TCS size : 16
; Address  : Start + #432
sprite3tcs:
    db #00
    db #01
    db #01
    db #00
    db #00
    db #00
    db #01
    db #01
    db #01
    db #01
    db #01
    db #01
    db #01
    db #01
    db #06
    db #06

; Sprite   : 4
; TCS size : 16
; Address  : Start + #448
sprite4tcs:
    db #00
    db #02
    db #00
    db #02
    db #02
    db #02
    db #00
    db #02
    db #02
    db #02
    db #02
    db #02
    db #02
    db #02
    db #0D
    db #0D

; Sprite   : 5
; TCS size : 16
; Address  : Start + #464
sprite5tcs:
    db #00
    db #0C
    db #0C
    db #0C
    db #0C
    db #0C
    db #00
    db #0C
    db #0C
    db #0C
    db #0C
    db #0C
    db #0C
    db #0C
    db #0C
    db #0C

; Sprite   : 6
; TCS size : 16
; Address  : Start + #480
sprite6tcs:
    db #01
    db #01
    db #01
    db #01
    db #01
    db #01
    db #01
    db #01
    db #01
    db #01
    db #01
    db #01
    db #01
    db #01
    db #00
    db #00

; Sprite   : 7
; TCS size : 16
; Address  : Start + #496
sprite7tcs:
    db #00
    db #00
    db #02
    db #02
    db #02
    db #02
    db #02
    db #02
    db #02
    db #00
    db #00
    db #00
    db #02
    db #02
    db #00
    db #00

; Sprite   : 8
; TCS size : 16
; Address  : Start + #512
sprite8tcs:
    db #00
    db #0C
    db #00
    db #00
    db #0C
    db #0C
    db #0C
    db #0C
    db #0C
    db #00
    db #00
    db #00
    db #00
    db #0C
    db #00
    db #00

; Sprite   : 9
; TCS size : 16
; Address  : Start + #528
sprite9tcs:
    db #01
    db #01
    db #01
    db #01
    db #01
    db #01
    db #01
    db #01
    db #01
    db #00
    db #00
    db #00
    db #01
    db #01
    db #00
    db #00

; Sprite   : 10
; TCS size : 16
; Address  : Start + #544
sprite10tcs:
    db #02
    db #02
    db #02
    db #02
    db #02
    db #02
    db #02
    db #02
    db #00
    db #02
    db #02
    db #02
    db #00
    db #02
    db #00
    db #00

; Sprite   : 11
; TCS size : 16
; Address  : Start + #560
sprite11tcs:
    db #0C
    db #0C
    db #0C
    db #0C
    db #0C
    db #0C
    db #0C
    db #0C
    db #00
    db #0C
    db #0C
    db #0C
    db #0C
    db #0C
    db #00
    db #00

; Color Palette
; Address  : Start + 576
pal:
    db #11,#06
    db #10,#00
    db #21,#01
    db #40,#01
    db #32,#07
    db #43,#03
    db #56,#05
    db #11,#01
    db #32,#02
    db #74,#07
    db #77,#07
    db #72,#05
    db #60,#03
    db #34,#03
    db #23,#02
    db #00,#00
